00:04:22 - [Debug] - init PwrShellOps Toolkit | by [2]
00:04:55 - [Debug] - init PwrShellOps Toolkit | by [oo]
00:05:52 - [Debug] - init PwrShellOps Toolkit | by [OzZaken]
00:08:11 - [Debug] - init PwrShellOps Toolkit | by [Oz]
00:09:20 - [Debug] - init PwrShellOps Toolkit | by [Oz]
00:12:16 - [Debug] - init PwrShellOps Toolkit | by [Oz]
00:21:21 - [Debug] - init PwrShellOps Toolkit | by [Debuging3]
00:21:41 - [Debug] - Invalid script Idx 3\C:\dev\util\PwrShellOps-PowerShell-Operations-Toolkit\scripts\Debug\Get-NetworkConfig.ps1 C:\dev\util\PwrShellOps-PowerShell-Operations-Toolkit\scripts\Debug\Get-OSInfo.ps1 C:\dev\util\PwrShellOps-PowerShell-Operations-Toolkit\scripts\Debug\Get-ProcessToHTML.ps1 C:\dev\util\PwrShellOps-PowerShell-Operations-Toolkit\scripts\Debug\Get-Traceroute.ps1 C:\dev\util\PwrShellOps-PowerShell-Operations-Toolkit\scripts\Debug\Get-Weather.ps1 C:\dev\util\PwrShellOps-PowerShell-Operations-Toolkit\scripts\Debug\GetHighCPUProcess.ps1 C:\dev\util\PwrShellOps-PowerShell-Operations-Toolkit\scripts\Debug\GetRunningService.ps1 C:\dev\util\PwrShellOps-PowerShell-Operations-Toolkit\scripts\Debug\GetVolumes.ps1 C:\dev\util\PwrShellOps-PowerShell-Operations-Toolkit\scripts\Debug\Info-Dns.ps1 C:\dev\util\PwrShellOps-PowerShell-Operations-Toolkit\scripts\Debug\New-PSSession_Invoke-Command.ps1 C:\dev\util\PwrShellOps-PowerShell-Operations-Toolkit\scripts\Debug\patch_sytems.ps1 C:\dev\util\PwrShellOps-PowerShell-Operations-Toolkit\scripts\Debug\powershell.ps1 C:\dev\util\PwrShellOps-PowerShell-Operations-Toolkit\scripts\Debug\readSystemInfo.ps1 C:\dev\util\PwrShellOps-PowerShell-Operations-Toolkit\scripts\Debug\Resolve-DnsName.ps1 C:\dev\util\PwrShellOps-PowerShell-Operations-Toolkit\scripts\Debug\ResolveSwitchOrBridgeIssues.ps1 C:\dev\util\PwrShellOps-PowerShell-Operations-Toolkit\scripts\Debug\Set-Dns.ps1 C:\dev\util\PwrShellOps-PowerShell-Operations-Toolkit\scripts\Debug\Set-VLAN.ps1 C:\dev\util\PwrShellOps-PowerShell-Operations-Toolkit\scripts\Debug\SSH-Command.ps1 C:\dev\util\PwrShellOps-PowerShell-Operations-Toolkit\scripts\Debug\Table-Firwall.ps1 C:\dev\util\PwrShellOps-PowerShell-Operations-Toolkit\scripts\Debug\Table-NetRoute.ps1 C:\dev\util\PwrShellOps-PowerShell-Operations-Toolkit\scripts\Debug\Table-Ports.ps1 C:\dev\util\PwrShellOps-PowerShell-Operations-Toolkit\scripts\Debug\Table-Process.ps1 C:\dev\util\PwrShellOps-PowerShell-Operations-Toolkit\scripts\Debug\Test-NetConnection.ps1 C:\dev\util\PwrShellOps-PowerShell-Operations-Toolkit\scripts\Debug\Test-Port.ps1 C:\dev\util\PwrShellOps-PowerShell-Operations-Toolkit\scripts\Debug\VerifyPhysicalComponents.ps1.Count
00:24:38 - [info] - init PwrShellOps Toolkit | by [Oz]
00:29:06 - [info] - init PwrShellOps Toolkit | by [jjh]
00:29:12 - [Debug] - Invalid script Idx 3\C:\dev\util\PwrShellOps-PowerShell-Operations-Toolkit\scripts\Debug\Get-NetworkConfig.ps1 C:\dev\util\PwrShellOps-PowerShell-Operations-Toolkit\scripts\Debug\Get-OSInfo.ps1 C:\dev\util\PwrShellOps-PowerShell-Operations-Toolkit\scripts\Debug\Get-ProcessToHTML.ps1 C:\dev\util\PwrShellOps-PowerShell-Operations-Toolkit\scripts\Debug\Get-Traceroute.ps1 C:\dev\util\PwrShellOps-PowerShell-Operations-Toolkit\scripts\Debug\Get-Weather.ps1 C:\dev\util\PwrShellOps-PowerShell-Operations-Toolkit\scripts\Debug\GetHighCPUProcess.ps1 C:\dev\util\PwrShellOps-PowerShell-Operations-Toolkit\scripts\Debug\GetRunningService.ps1 C:\dev\util\PwrShellOps-PowerShell-Operations-Toolkit\scripts\Debug\GetVolumes.ps1 C:\dev\util\PwrShellOps-PowerShell-Operations-Toolkit\scripts\Debug\Info-Dns.ps1 C:\dev\util\PwrShellOps-PowerShell-Operations-Toolkit\scripts\Debug\New-PSSession_Invoke-Command.ps1 C:\dev\util\PwrShellOps-PowerShell-Operations-Toolkit\scripts\Debug\patch_sytems.ps1 C:\dev\util\PwrShellOps-PowerShell-Operations-Toolkit\scripts\Debug\powershell.ps1 C:\dev\util\PwrShellOps-PowerShell-Operations-Toolkit\scripts\Debug\readSystemInfo.ps1 C:\dev\util\PwrShellOps-PowerShell-Operations-Toolkit\scripts\Debug\Resolve-DnsName.ps1 C:\dev\util\PwrShellOps-PowerShell-Operations-Toolkit\scripts\Debug\ResolveSwitchOrBridgeIssues.ps1 C:\dev\util\PwrShellOps-PowerShell-Operations-Toolkit\scripts\Debug\Set-Dns.ps1 C:\dev\util\PwrShellOps-PowerShell-Operations-Toolkit\scripts\Debug\Set-VLAN.ps1 C:\dev\util\PwrShellOps-PowerShell-Operations-Toolkit\scripts\Debug\SSH-Command.ps1 C:\dev\util\PwrShellOps-PowerShell-Operations-Toolkit\scripts\Debug\Table-Firwall.ps1 C:\dev\util\PwrShellOps-PowerShell-Operations-Toolkit\scripts\Debug\Table-NetRoute.ps1 C:\dev\util\PwrShellOps-PowerShell-Operations-Toolkit\scripts\Debug\Table-Ports.ps1 C:\dev\util\PwrShellOps-PowerShell-Operations-Toolkit\scripts\Debug\Table-Process.ps1 C:\dev\util\PwrShellOps-PowerShell-Operations-Toolkit\scripts\Debug\Test-NetConnection.ps1 C:\dev\util\PwrShellOps-PowerShell-Operations-Toolkit\scripts\Debug\Test-Port.ps1 C:\dev\util\PwrShellOps-PowerShell-Operations-Toolkit\scripts\Debug\VerifyPhysicalComponents.ps1.Count
00:29:47 - [Debug] - Invalid script Idx 3\C:\dev\util\PwrShellOps-PowerShell-Operations-Toolkit\scripts\Debug\Get-NetworkConfig.ps1 C:\dev\util\PwrShellOps-PowerShell-Operations-Toolkit\scripts\Debug\Get-OSInfo.ps1 C:\dev\util\PwrShellOps-PowerShell-Operations-Toolkit\scripts\Debug\Get-ProcessToHTML.ps1 C:\dev\util\PwrShellOps-PowerShell-Operations-Toolkit\scripts\Debug\Get-Traceroute.ps1 C:\dev\util\PwrShellOps-PowerShell-Operations-Toolkit\scripts\Debug\Get-Weather.ps1 C:\dev\util\PwrShellOps-PowerShell-Operations-Toolkit\scripts\Debug\GetHighCPUProcess.ps1 C:\dev\util\PwrShellOps-PowerShell-Operations-Toolkit\scripts\Debug\GetRunningService.ps1 C:\dev\util\PwrShellOps-PowerShell-Operations-Toolkit\scripts\Debug\GetVolumes.ps1 C:\dev\util\PwrShellOps-PowerShell-Operations-Toolkit\scripts\Debug\Info-Dns.ps1 C:\dev\util\PwrShellOps-PowerShell-Operations-Toolkit\scripts\Debug\New-PSSession_Invoke-Command.ps1 C:\dev\util\PwrShellOps-PowerShell-Operations-Toolkit\scripts\Debug\patch_sytems.ps1 C:\dev\util\PwrShellOps-PowerShell-Operations-Toolkit\scripts\Debug\powershell.ps1 C:\dev\util\PwrShellOps-PowerShell-Operations-Toolkit\scripts\Debug\readSystemInfo.ps1 C:\dev\util\PwrShellOps-PowerShell-Operations-Toolkit\scripts\Debug\Resolve-DnsName.ps1 C:\dev\util\PwrShellOps-PowerShell-Operations-Toolkit\scripts\Debug\ResolveSwitchOrBridgeIssues.ps1 C:\dev\util\PwrShellOps-PowerShell-Operations-Toolkit\scripts\Debug\Set-Dns.ps1 C:\dev\util\PwrShellOps-PowerShell-Operations-Toolkit\scripts\Debug\Set-VLAN.ps1 C:\dev\util\PwrShellOps-PowerShell-Operations-Toolkit\scripts\Debug\SSH-Command.ps1 C:\dev\util\PwrShellOps-PowerShell-Operations-Toolkit\scripts\Debug\Table-Firwall.ps1 C:\dev\util\PwrShellOps-PowerShell-Operations-Toolkit\scripts\Debug\Table-NetRoute.ps1 C:\dev\util\PwrShellOps-PowerShell-Operations-Toolkit\scripts\Debug\Table-Ports.ps1 C:\dev\util\PwrShellOps-PowerShell-Operations-Toolkit\scripts\Debug\Table-Process.ps1 C:\dev\util\PwrShellOps-PowerShell-Operations-Toolkit\scripts\Debug\Test-NetConnection.ps1 C:\dev\util\PwrShellOps-PowerShell-Operations-Toolkit\scripts\Debug\Test-Port.ps1 C:\dev\util\PwrShellOps-PowerShell-Operations-Toolkit\scripts\Debug\VerifyPhysicalComponents.ps1.Count
00:29:53 - [Debug] - Invalid script Idx 6\C:\dev\util\PwrShellOps-PowerShell-Operations-Toolkit\scripts\Debug\Get-NetworkConfig.ps1 C:\dev\util\PwrShellOps-PowerShell-Operations-Toolkit\scripts\Debug\Get-OSInfo.ps1 C:\dev\util\PwrShellOps-PowerShell-Operations-Toolkit\scripts\Debug\Get-ProcessToHTML.ps1 C:\dev\util\PwrShellOps-PowerShell-Operations-Toolkit\scripts\Debug\Get-Traceroute.ps1 C:\dev\util\PwrShellOps-PowerShell-Operations-Toolkit\scripts\Debug\Get-Weather.ps1 C:\dev\util\PwrShellOps-PowerShell-Operations-Toolkit\scripts\Debug\GetHighCPUProcess.ps1 C:\dev\util\PwrShellOps-PowerShell-Operations-Toolkit\scripts\Debug\GetRunningService.ps1 C:\dev\util\PwrShellOps-PowerShell-Operations-Toolkit\scripts\Debug\GetVolumes.ps1 C:\dev\util\PwrShellOps-PowerShell-Operations-Toolkit\scripts\Debug\Info-Dns.ps1 C:\dev\util\PwrShellOps-PowerShell-Operations-Toolkit\scripts\Debug\New-PSSession_Invoke-Command.ps1 C:\dev\util\PwrShellOps-PowerShell-Operations-Toolkit\scripts\Debug\patch_sytems.ps1 C:\dev\util\PwrShellOps-PowerShell-Operations-Toolkit\scripts\Debug\powershell.ps1 C:\dev\util\PwrShellOps-PowerShell-Operations-Toolkit\scripts\Debug\readSystemInfo.ps1 C:\dev\util\PwrShellOps-PowerShell-Operations-Toolkit\scripts\Debug\Resolve-DnsName.ps1 C:\dev\util\PwrShellOps-PowerShell-Operations-Toolkit\scripts\Debug\ResolveSwitchOrBridgeIssues.ps1 C:\dev\util\PwrShellOps-PowerShell-Operations-Toolkit\scripts\Debug\Set-Dns.ps1 C:\dev\util\PwrShellOps-PowerShell-Operations-Toolkit\scripts\Debug\Set-VLAN.ps1 C:\dev\util\PwrShellOps-PowerShell-Operations-Toolkit\scripts\Debug\SSH-Command.ps1 C:\dev\util\PwrShellOps-PowerShell-Operations-Toolkit\scripts\Debug\Table-Firwall.ps1 C:\dev\util\PwrShellOps-PowerShell-Operations-Toolkit\scripts\Debug\Table-NetRoute.ps1 C:\dev\util\PwrShellOps-PowerShell-Operations-Toolkit\scripts\Debug\Table-Ports.ps1 C:\dev\util\PwrShellOps-PowerShell-Operations-Toolkit\scripts\Debug\Table-Process.ps1 C:\dev\util\PwrShellOps-PowerShell-Operations-Toolkit\scripts\Debug\Test-NetConnection.ps1 C:\dev\util\PwrShellOps-PowerShell-Operations-Toolkit\scripts\Debug\Test-Port.ps1 C:\dev\util\PwrShellOps-PowerShell-Operations-Toolkit\scripts\Debug\VerifyPhysicalComponents.ps1.Count
00:31:56 - [Info] - Invoke-Expression: [Show-Networks] by [jjh]
00:36:52 - [info] - init PwrShellOps Toolkit | by [Oz]
00:36:59 - [Info] - Invoke-Expression: [Get-Dns]  | param:  by [Oz]
00:37:29 - [Info] - Invoke-Expression: [Ping]  | param:  by [Oz]
00:39:37 - [info] - init PwrShellOps Toolkit | by [Oz]
00:41:20 - [Info] - Invoke-Expression: [Ping]  | param:  by [Oz]
00:41:37 - [Info] - Invoke-Expression: [Ping]  | param: 192.168.1.1 by [Oz]
00:42:59 - [Debug] - Invalid script Idx 3\C:\dev\util\PwrShellOps-PowerShell-Operations-Toolkit\scripts\Debug\Get-NetworkConfig.ps1 C:\dev\util\PwrShellOps-PowerShell-Operations-Toolkit\scripts\Debug\Get-OSInfo.ps1 C:\dev\util\PwrShellOps-PowerShell-Operations-Toolkit\scripts\Debug\Get-ProcessToHTML.ps1 C:\dev\util\PwrShellOps-PowerShell-Operations-Toolkit\scripts\Debug\Get-Traceroute.ps1 C:\dev\util\PwrShellOps-PowerShell-Operations-Toolkit\scripts\Debug\Get-Weather.ps1 C:\dev\util\PwrShellOps-PowerShell-Operations-Toolkit\scripts\Debug\GetHighCPUProcess.ps1 C:\dev\util\PwrShellOps-PowerShell-Operations-Toolkit\scripts\Debug\GetRunningService.ps1 C:\dev\util\PwrShellOps-PowerShell-Operations-Toolkit\scripts\Debug\GetVolumes.ps1 C:\dev\util\PwrShellOps-PowerShell-Operations-Toolkit\scripts\Debug\Info-Dns.ps1 C:\dev\util\PwrShellOps-PowerShell-Operations-Toolkit\scripts\Debug\New-PSSession_Invoke-Command.ps1 C:\dev\util\PwrShellOps-PowerShell-Operations-Toolkit\scripts\Debug\patch_sytems.ps1 C:\dev\util\PwrShellOps-PowerShell-Operations-Toolkit\scripts\Debug\powershell.ps1 C:\dev\util\PwrShellOps-PowerShell-Operations-Toolkit\scripts\Debug\readSystemInfo.ps1 C:\dev\util\PwrShellOps-PowerShell-Operations-Toolkit\scripts\Debug\Resolve-DnsName.ps1 C:\dev\util\PwrShellOps-PowerShell-Operations-Toolkit\scripts\Debug\ResolveSwitchOrBridgeIssues.ps1 C:\dev\util\PwrShellOps-PowerShell-Operations-Toolkit\scripts\Debug\Set-Dns.ps1 C:\dev\util\PwrShellOps-PowerShell-Operations-Toolkit\scripts\Debug\Set-VLAN.ps1 C:\dev\util\PwrShellOps-PowerShell-Operations-Toolkit\scripts\Debug\SSH-Command.ps1 C:\dev\util\PwrShellOps-PowerShell-Operations-Toolkit\scripts\Debug\Table-Firwall.ps1 C:\dev\util\PwrShellOps-PowerShell-Operations-Toolkit\scripts\Debug\Table-NetRoute.ps1 C:\dev\util\PwrShellOps-PowerShell-Operations-Toolkit\scripts\Debug\Table-Ports.ps1 C:\dev\util\PwrShellOps-PowerShell-Operations-Toolkit\scripts\Debug\Table-Process.ps1 C:\dev\util\PwrShellOps-PowerShell-Operations-Toolkit\scripts\Debug\Test-NetConnection.ps1 C:\dev\util\PwrShellOps-PowerShell-Operations-Toolkit\scripts\Debug\Test-Port.ps1 C:\dev\util\PwrShellOps-PowerShell-Operations-Toolkit\scripts\Debug\VerifyPhysicalComponents.ps1.Count
00:43:59 - [info] - init PwrShellOps Toolkit | by [Oz]
00:44:02 - [Debug] - Invalid script Idx 3\25
00:45:15 - [info] - init PwrShellOps Toolkit | by [Ozz]
00:45:17 - [Debug] - Invalid script Idx: 3 (0\25 3)
00:46:11 - [info] - init PwrShellOps Toolkit | by [Oz]
00:46:13 - [Debug] - Invalid script Idx: 3 (0\25 selectedFile: C:\dev\util\PwrShellOps-PowerShell-Operations-Toolkit\scripts\Debug\Get-ProcessToHTML.ps1 )
00:47:14 - [info] - init PwrShellOps Toolkit | by [Oz]
00:47:20 - [Debug] - Invalid script Idx: [3] (0\25) selectedFile: C:\dev\util\PwrShellOps-PowerShell-Operations-Toolkit\scripts\Debug\Get-ProcessToHTML.ps1
00:48:04 - [info] - init PwrShellOps Toolkit | by [Oz]
00:48:06 - [Debug] - Invalid script Idx: [3] (max idx [25]) selectedFile: [C:\dev\util\PwrShellOps-PowerShell-Operations-Toolkit\scripts\Debug\Get-ProcessToHTML.ps1]
00:48:43 - [info] - init PwrShellOps Toolkit | by [Oz]
00:48:45 - [Debug] - Invalid script Idx: [3], max idx [25], selectedFile: [C:\dev\util\PwrShellOps-PowerShell-Operations-Toolkit\scripts\Debug\Get-ProcessToHTML.ps1]
00:50:12 - [info] - init PwrShellOps Toolkit | by [Oz]
00:51:29 - [info] - init PwrShellOps Toolkit | by [Demo]
00:51:32 - [Debug] - Invalid script Idx: [3], max idx [25], selectedFile: [C:\dev\util\PwrShellOps-PowerShell-Operations-Toolkit\scripts\Debug\Get-ProcessToHTML.ps1]
00:57:15 - [info] - init PwrShellOps Toolkit | by [Oz]
00:57:26 - [Debug] - Invalid script Idx: [3], max idx [25], selectedFile: [C:\dev\util\PwrShellOps-PowerShell-Operations-Toolkit\scripts\Debug\Get-ProcessToHTML.ps1]
00:57:39 - [Debug] - Invalid script Idx: [5], max idx [25], selectedFile: [C:\dev\util\PwrShellOps-PowerShell-Operations-Toolkit\scripts\Debug\Get-Weather.ps1]
00:57:42 - [Debug] - Invalid script Idx: [6], max idx [25], selectedFile: [C:\dev\util\PwrShellOps-PowerShell-Operations-Toolkit\scripts\Debug\GetHighCPUProcess.ps1]
01:03:26 - [info] - init PwrShellOps Toolkit | by [Oz]
01:03:30 - [Debug] - Invalid script Idx: [3], max idx [25], selectedFile: [C:\dev\util\PwrShellOps-PowerShell-Operations-Toolkit\scripts\Debug\Get-ProcessToHTML.ps1]
01:13:33 - [Info] - Invoke-Expression: [Gen-Pass]  | param: 8 by [Oz]
01:13:49 - [info] - init PwrShellOps Toolkit | by [Oz]
01:13:53 - [Info] - Invoke-Expression: [Gen-Pass]  | param:  by [Oz]
01:14:18 - [info] - init PwrShellOps Toolkit | by [Oz]
01:14:43 - [Info] - Invoke-Expression: [Gen-Pass]  | param: 8 by [Oz]
01:15:12 - [Info] - Invoke-Expression: [Gen-Pass]  | param: 8 by [Oz]
01:17:28 - [Info] - Invoke-Expression: [Gen-Pass]  | param: 8 by [Oz]
01:17:35 - [info] - init PwrShellOps Toolkit | by [Oz]
01:17:46 - [Info] - Invoke-Expression: [Gen-Pass]  | param: 5 by [Oz]
01:21:00 - [Info] - Invoke-Expression: [Gen-Pass]  | param: 8 by [Oz]
01:22:10 - [Info] - Invoke-Expression: [Gen-Pass]  | param:  by [Oz]
01:25:28 - [Info] - Invoke-Expression: [Gen-Pass]  | param: 8 by [Oz]
01:28:47 - [Info] - Invoke-Expression: [Gen-Pass]  | param: 15 by [Oz]
01:45:35 - [Info] - Invoke-Expression: [Gen-Pass]  | param:  by [Oz]
01:45:45 - [Info] - Invoke-Expression: [Gen-Pass]  | param:  by [Oz]
01:46:19 - [info] - init PwrShellOps Toolkit | by [Oz]
01:46:27 - [Info] - Invoke-Expression: [Gen-Pass]  | param:  by [Oz]
02:00:14 - [info] - init PwrShellOps Toolkit | by [Oz]
02:00:20 - [Info] - Invoke-Expression: [Gen-Pass]  | param:  by [Oz]
02:08:45 - [info] - init PwrShellOps Toolkit | by [Oz]
02:09:00 - [Error] - Invoke-Expression  Test-Path | param: C:\dev\util\PwrShellOps-PowerShell-Operations-Toolkit\scripts\File
02:09:51 - [Error] - Invoke-Expression  Test-Path | param: }
02:09:53 - [Error] - Invoke-Script: [24], max idx [26], selectedFile: [C:\dev\util\PwrShellOps-PowerShell-Operations-Toolkit\scripts\Debug\Test-Path.ps1]
02:10:04 - [info] - init PwrShellOps Toolkit | by [Oz]
02:10:24 - [Info] - Invoke-Expression: [Test-Path]  | param: C:\dev\util\PwrShellOps-PowerShell-Operations-Toolkit\scripts\File by [Oz]
02:13:09 - [Info] - Invoke-Expression: [Test-Port]  | param:  by [Oz]
02:14:13 - [info] - init PwrShellOps Toolkit | by [F]
02:14:28 - [Info] - Invoke-Expression: [Test-Port]  | param:  by [F]
02:15:33 - [Info] - Invoke-Expression: [Test-Port]  | param: 80 192.168.1.1 by [F]
02:17:28 - [info] - init PwrShellOps Toolkit | by [Oz]
02:18:07 - [info] - init PwrShellOps Toolkit | by [Oz]
02:18:34 - [Info] - Invoke-Expression: [Test-Port]  | param:  by [Oz]
02:23:01 - [info] - init PwrShellOps Toolkit | by [Oz]
02:23:29 - [Info] - Invoke-Expression: [Test-Port]  | param:  by [Oz]
02:27:52 - [info] - init PwrShellOps Toolkit | by [OzZaken]
02:28:11 - [Info] - Invoke-Expression: [Test-Path]  | param:  by [OzZaken]
02:28:29 - [Info] - Invoke-Expression: [Restart-Spooler]  | param:  by [OzZaken]
02:28:56 - [Info] - Invoke-Expression: [Get-ComputerName]  | param:  by [OzZaken]
02:29:07 - [Info] - Invoke-Expression: [Get-PowerStatus]  | param:  by [OzZaken]
02:29:25 - [Info] - Invoke-Expression: [Gen-Pass]  | param: 8 by [OzZaken]
02:29:44 - [Info] - Invoke-Expression: [Speak]  | param: "sdfsdfsdfsdfsd" by [OzZaken]
02:30:49 - [Info] - Invoke-Expression: [Get-InstalledSoftwares]  | param:  by [OzZaken]
02:32:10 - [Debug] - Invalid script Idx: [3], max idx [24], selectedFile: [C:\dev\util\PwrShellOps-PowerShell-Operations-Toolkit\scripts\Debug\Get-ProcessToHTML.ps1]
02:32:23 - [Debug] - Invalid script Idx: [5], max idx [24], selectedFile: [C:\dev\util\PwrShellOps-PowerShell-Operations-Toolkit\scripts\Debug\Get-Weather.ps1]
02:32:34 - [Debug] - Invalid script Idx: [6], max idx [24], selectedFile: [C:\dev\util\PwrShellOps-PowerShell-Operations-Toolkit\scripts\Debug\GetHighCPUProcess.ps1]
02:32:47 - [Debug] - Invalid script Idx: [9], max idx [24], selectedFile: [C:\dev\util\PwrShellOps-PowerShell-Operations-Toolkit\scripts\Debug\Info-Dns.ps1]
02:33:10 - [Error] - Invoke-Expression  Get-NetworkConfig | param: 5
02:33:16 - [Debug] - Invalid script Idx: [5], max idx [24], selectedFile: [C:\dev\util\PwrShellOps-PowerShell-Operations-Toolkit\scripts\Debug\Get-Weather.ps1]
02:40:26 - [info] - init PwrShellOps Toolkit | by [Oz]
03:37:47 - [info] - init PwrShellOps Toolkit | by [Oz]
03:37:52 - [Error] - Invoke-Script: [1], max idx [27], selectedFile: [C:\dev\util\PwrShellOps-PowerShell-Operations-Toolkit\scripts\Debug\Delete.ps1]
03:39:26 - [info] - init PwrShellOps Toolkit | by [htf]
03:39:29 - [Error] - Invoke-Script: [1], max idx [27], selectedFile: [C:\dev\util\PwrShellOps-PowerShell-Operations-Toolkit\scripts\Debug\Delete.ps1]
03:39:53 - [info] - init PwrShellOps Toolkit | by [fcb]
03:39:56 - [Error] - Invoke-Script: [11], max idx [27], selectedFile: [C:\dev\util\PwrShellOps-PowerShell-Operations-Toolkit\scripts\Debug\New-PSSession_Invoke-Command.ps1]
03:40:10 - [info] - init PwrShellOps Toolkit | by [asd]
03:40:13 - [Error] - Invoke-Script: [11], max idx [27], selectedFile: [C:\dev\util\PwrShellOps-PowerShell-Operations-Toolkit\scripts\Debug\New-PSSession_Invoke-Command.ps1]
03:41:00 - [info] - init PwrShellOps Toolkit | by [1]
03:42:22 - [Info] - Invoke-Expression: [Delete]  | param:  by [1]
04:02:57 - [info] - init PwrShellOps Toolkit | by [Oz]
04:08:28 - [Debug] - Invalid script Idx: [], max idx [3], selectedFile: [C:\dev\util\PwrShellOps-PowerShell-Operations-Toolkit\scripts\Utility\Speak.ps1]
04:16:07 - [info] - init PwrShellOps Toolkit | by [Oz]
04:17:56 - [Error] - Invoke-Expression  Get-Service | param: 
04:19:08 - [Info] - Invoke-Expression: [Get-Service]  | param:  by [Oz]
04:20:56 - [info] - init PwrShellOps Toolkit | by [Oz]
04:21:30 - [Info] - Invoke-Expression: [Get-Service]  | param: 127.0.0.1 WinRM by [Oz]
04:35:22 - [Info] - Invoke-Expression: [readSystemInfo]  | param:  by [Oz]
04:37:19 - [Info] - Invoke-Expression: [readSystemInfo]  | param:  by [Oz]
04:40:44 - [Info] - Invoke-Expression: [Get-ComputerName]  | param:  by [Oz]
11:48:14 - [info] - init PwrShellOps Toolkit | by [Oz]
11:48:50 - [Info] - Invoke-Expression: [Get-PwrVersion]  | param:  by [Oz]
12:09:36 - [Info] - Invoke-Expression: [Write-Event]  | param:  by [Oz]
12:17:51 - [Info] - Invoke-Expression: [Write-Event]  | param:  by [Oz]
12:18:57 - [Info] - Invoke-Expression: [Write-Event]  | param:  by [Oz]
12:20:02 - [info] - init PwrShellOps Toolkit | by [Oz]
12:20:07 - [Info] - Invoke-Expression: [Write-Event]  | param:  by [Oz]
12:20:46 - [info] - init PwrShellOps Toolkit | by [Oz]
12:20:53 - [Info] - Invoke-Expression: [Write-Event]  | param:  by [Oz]
12:21:45 - [info] - init PwrShellOps Toolkit | by [Maya]
12:21:55 - [Info] - Invoke-Expression: [Write-Event]  | param:  by [Maya]
12:29:41 - [info] - init PwrShellOps Toolkit | by [Oz]
12:30:11 - [Info] - Invoke-Expression: [Write-Event]  | param:  by [Oz]
12:31:06 - [Info] - Invoke-Expression: [Write-Event]  | param: "Demo with parametes" "Critical" by [Oz]
12:31:29 - [info] - init PwrShellOps Toolkit | by [1]
12:32:05 - [Info] - Invoke-Expression: [Write-Event]  | param:  by [1]
16:13:50 - [Error] - Invoke-Expression  Write-Event | param: -Message Demo message -Severity Critical
16:14:37 - [info] - init PwrShellOps Toolkit | by [Oz]
16:15:09 - [Info] - Invoke-Expression: [Write-Event]  | param:  by [Oz]
16:18:03 - [Info] - Invoke-Expression: [Write-Event]  | param:  by [Oz]
16:19:49 - [Info] - Invoke-Expression: [Write-Event]  | param: "Demo 2" Information by [Oz]
16:22:34 - [Info] - Invoke-Expression: [Table-Process]  | param:  by [Oz]
16:23:01 - [Info] - Invoke-Expression: [Table-Process]  | param:  by [Oz]
16:23:57 - [Debug] - Invalid script Idx: [28], max idx [27], selectedFile: []
16:24:02 - [Info] - Invoke-Expression: [Table-Process]  | param:  by [Oz]
16:24:23 - [Info] - Invoke-Expression: [Table-Process]  | param:  by [Oz]
16:25:06 - [info] - init PwrShellOps Toolkit | by [Oz]
16:25:21 - [Info] - Invoke-Expression: [Table-Process]  | param:  by [Oz]
16:27:21 - [Info] - Invoke-Expression: [Table-Process]  | param:  by [Oz]
16:29:30 - [Info] - Invoke-Expression: [Table-Process]  | param:  by [Oz]
16:30:49 - [info] - init PwrShellOps Toolkit | by [Oz]
16:30:56 - [Info] - Invoke-Expression: [Table-Process]  | param:  by [Oz]
16:31:09 - [Info] - Invoke-Expression: [Table-Process]  | param:  by [Oz]
17:23:39 - [Error] - Invoke-Expression  Table-Process | param: 
17:23:51 - [Error] - Invoke-Expression  Table-Process | param: 1
17:25:22 - [Debug] - Invalid script Idx: [28], max idx [27], selectedFile: []
17:25:35 - [Error] - Invoke-Expression  Table-Process | param: 
17:25:42 - [Error] - Invoke-Expression  Table-Process | param: 1
17:27:46 - [Error] - Invoke-Expression  Table-Process | param: 
17:29:04 - [Info] - Invoke-Expression: [Table-Process]  | param:  by [Oz]
17:29:18 - [Info] - Invoke-Expression: [Table-Process]  | param: 300 by [Oz]
17:29:47 - [Info] - Invoke-Expression: [Table-Process]  | param:  by [Oz]
17:31:39 - [Error] - Invoke-Expression  Table-Process | param: 
17:32:48 - [Error] - Invoke-Expression  Table-Process | param: 
17:33:09 - [Info] - Invoke-Expression: [Table-Process]  | param:  by [Oz]
17:44:19 - [Info] - Invoke-Expression: [Report-Process]  | param:  by [Oz]
17:48:45 - [Info] - Invoke-Expression: [Report-Process]  | param:  by [Oz]
17:54:00 - [Info] - Invoke-Expression: [Report-Process]  | param:  by [Oz]
18:08:15 - [Info] - Invoke-Expression: [Report-Process]  | param:  by [Oz]
18:10:26 - [Info] - Invoke-Expression: [Report-Process]  | param:  by [Oz]
18:11:11 - [Info] - Invoke-Expression: [Report-Process]  | param:  by [Oz]
18:13:03 - [Info] - Invoke-Expression: [Report-Process]  | param:  by [Oz]
18:14:06 - [Info] - Invoke-Expression: [Report-Process]  | param:  by [Oz]
18:18:59 - [Info] - Invoke-Expression: [Report-Process]  | param:  by [Oz]
18:19:31 - [info] - init PwrShellOps Toolkit | by [Oz]
18:24:34 - [Info] - Invoke-Expression: [Show-Networks]  | param:  by [Oz]
19:30:56 - [info] - init PwrShellOps Toolkit | by [Oz]
19:32:19 - [Error] - Invoke-Expression  Get-NetworkConfig | param: 
19:32:58 - [Info] - Invoke-Expression: [Table-NetRoute]  | param:  by [Oz]
19:35:12 - [Info] - Invoke-Expression: [Get-NetworkConfig]  | param:  by [Oz]
19:36:39 - [Error] - Invoke-Expression  Get-NetworkConfig | param: 
19:39:14 - [Error] - Invoke-Expression  Report-NetworkConfig | param: 
19:42:01 - [Info] - Invoke-Expression: [Report-NetworkConfig]  | param:  by [Oz]
19:42:33 - [Info] - Invoke-Expression: [Report-NetworkConfig]  | param:  by [Oz]
19:44:27 - [Info] - Invoke-Expression: [Report-NetworkConfig]  | param:  by [Oz]
19:46:00 - [Info] - Invoke-Expression: [Report-NetworkConfig]  | param:  by [Oz]
19:48:13 - [Info] - Invoke-Expression: [Report-NetworkConfig]  | param:  by [Oz]
19:49:07 - [Info] - Invoke-Expression: [Report-NetworkConfig]  | param:  by [Oz]
19:50:34 - [Info] - Invoke-Expression: [Report-NetworkConfig]  | param:  by [Oz]
19:51:52 - [Info] - Invoke-Expression: [Report-NetworkConfig]  | param:  by [Oz]
20:06:34 - [info] - init PwrShellOps Toolkit | by [Oz]
20:06:49 - [Info] - Invoke-Expression: [Report-NetworkConfig]  | param:  by [Oz]
20:09:22 - [Info] - Invoke-Expression: [Report-NetworkConfig]  | param:  by [Oz]
20:16:52 - [info] - init PwrShellOps Toolkit | by [Oz]
20:17:15 - [Info] - Invoke-Expression: [Report-Process]  | param:  by [Oz]
20:31:09 - [Info] - Invoke-Expression: [Report-HTML]  | param:  by [Oz]
20:37:23 - [Info] - Invoke-Expression: [Report-NetAdapter]  | param:  by [Oz]
20:52:52 - [Info] - Invoke-Expression: [Report-NetAdapter]  | param:  by [Oz]
22:59:31 - [Warning] - Three unsuccessful attempts from unknown location
23:03:43 - [Warning] - Three unsuccessful attempts from IP address: 192.168.1.45 MAC Address:  to enter a valid username.
23:04:17 - [info] - init PwrShellOps Toolkit | by []
23:04:29 - [Warning] - Three unsuccessful attempts from IP address: 192.168.1.45 MAC Address:  to enter a valid username.
23:05:36 - [info] - init PwrShellOps Toolkit | by [Oz]
23:05:41 - [Warning] - Three unsuccessful attempts from IP address: 192.168.1.45 MAC Address:  to enter a valid username.
23:07:58 - [Warning] - Three unsuccessful attempts from: System.Collections.Hashtable
23:18:23 - [Warning] - Three unsuccessful attempts from: System.Collections.Hashtable
23:28:49 - [Warning] - Three unsuccessful attempts from system details: