20:12:53 - [Debug] - init PwrShellOps Toolkit | by oz zaken20:13:42 - [Error] - Invoke-Expression  Get-NetworkConfig | The term 'Get-WmiObject' is not recognized as a name of a cmdlet, function, script file, or executable program.
Check the spelling of the name, or if a path was included, verify that the path is correct and try again.
20:13:46 - [Error] - Invoke-Expression  Get-OSInfo | The term 'Get-WmiObject' is not recognized as a name of a cmdlet, function, script file, or executable program.
Check the spelling of the name, or if a path was included, verify that the path is correct and try again.
20:14:14 - [Info] - Invoke-Expression: [Get-Dns] by [oz zaken]
21:46:11 - [Debug] - init PwrShellOps Toolkit | by oz
21:47:07 - [Debug] - init PwrShellOps Toolkit | by Oz
21:50:31 - [Warning] - Three unsuccessful attempts from IP address:  to enter a valid username.
21:50:31 - [Debug] - init PwrShellOps Toolkit | by []
21:54:13 - [Debug] - init PwrShellOps Toolkit | by [Oz]
21:54:25 - [Info] - Invoke-Expression: [x] by [Oz]
21:54:54 - [Info] - Invoke-Expression: [x] by [Oz]
22:00:25 - [Warning] - Three unsuccessful attempts from IP address:  MAC Address:  to enter a valid username.
22:00:25 - [Debug] - init PwrShellOps Toolkit | by []
22:02:13 - [Info] - Invoke-Expression: [x] by []
22:03:43 - [Warning] - Three unsuccessful attempts
22:03:43 - [Debug] - init PwrShellOps Toolkit | by []
22:04:02 - [Warning] - Three unsuccessful attempts
22:04:02 - [Debug] - init PwrShellOps Toolkit | by []
22:04:24 - [Warning] - Three unsuccessful attempts from IP address: 192.168.1.45 MAC Address:  to enter a valid username.
22:04:24 - [Debug] - init PwrShellOps Toolkit | by []
22:05:07 - [Warning] - Three unsuccessful attempts from IP address: 192.168.1.45 MAC Address:  to enter a valid username.
22:05:07 - [Debug] - init PwrShellOps Toolkit | by []
22:05:27 - [Warning] - Three unsuccessful attempts from IP address: 192.168.1.45 MAC Address:  to enter a valid username.
22:09:34 - [Debug] - init PwrShellOps Toolkit | by [Oz]
22:09:39 - [Info] - Invoke-Expression: [Get-Dns] by [Oz]
22:09:43 - [Error] - Invoke-Expression  Get-NetworkConfig | The term 'Get-WmiObject' is not recognized as a name of a cmdlet, function, script file, or executable program.
Check the spelling of the name, or if a path was included, verify that the path is correct and try again.
22:11:43 - [Debug] - init PwrShellOps Toolkit | by [Oz]
22:12:16 - [Debug] - init PwrShellOps Toolkit | by [gjh]
23:41:27 - [Error] - Invoke-Expression  Get-NetworkConfig | The term 'Get-WmiObject' is not recognized as a name of a cmdlet, function, script file, or executable program.
Check the spelling of the name, or if a path was included, verify that the path is correct and try again.
23:41:29 - [Error] - Invoke-Expression  Get-OSInfo | The term 'Get-WmiObject' is not recognized as a name of a cmdlet, function, script file, or executable program.
Check the spelling of the name, or if a path was included, verify that the path is correct and try again.
23:42:46 - [Warning] - Three unsuccessful attempts from IP address: 192.168.1.45 MAC Address:  to enter a valid username.
23:43:08 - [Debug] - init PwrShellOps Toolkit | by [Oz]
23:43:17 - [Info] - Invoke-Expression: [Get-Dns] by [Oz]
23:43:41 - [Info] - Invoke-Expression: [Ping] by [Oz]
