10:34:31 - Info - init - by oz 
10:41:13 - Info - init - by oz 
10:42:08 - Info - init - by oz 
10:43:21 - Info - init - by oz 
10:43:56 - Info - init - by oz 
10:44:25 - Info - init - by guest 
10:44:37 - Info - init - by oz 
10:44:49 - Debug - AddLogChange - by oz 
10:44:49 - Info - Invoke-Expression: [Update-Change-Log] - by oz 
10:45:03 - Info - Invoke-Expression: [Speak] - by oz 
10:45:16 - Info - Invoke-Expression: [Speak] - by oz 
10:45:28 - Info - Invoke-Expression: [Gen-Pass] - by oz 
10:46:19 - Info - Invoke-Expression: [Report-SystemProcess] - by oz 
10:46:51 - Info - Invoke-Expression: [Report-NetAdapter] - by oz 
11:02:45 - Info - init - by oz 
11:03:10 - Error - Invoke-Expression: [Update-Change-Log] - by oz 
11:04:45 - Info - init - by oz 
11:05:08 - Error - Invoke-Expression: [Update-Change-Log] - by oz 
11:09:13 - Info - init - by oz 
11:09:20 - Debug - AddLogChange - by oz 
11:09:20 - Info - Invoke-Expression: [Update-Change-Log] - by oz 
11:39:57 - Info - init - by oz 
11:40:47 - Error - Invoke-Expression: [Get-process] - by oz 
11:41:21 - Info - Invoke-Expression: [Get-InstalledSoftwares] - by oz 
11:42:48 - Info - Invoke-Expression: [Speak] - by oz 
14:06:11 - Info - init - by oz 
14:07:19 - Info - Invoke-Expression: [Report-NetAdapter] - by oz 
14:08:07 - Info - Invoke-Expression: [getmac] - by oz 
