00:16:46 - [info] - init PwrShellOps Toolkit | by [Shaoli]
00:16:57 - [info] - init PwrShellOps Toolkit | by [muki]
00:17:20 - [Info] - Invoke-Expression: [Gen-Pass]  | param: 8 by [muki]
00:17:59 - [Info] - Invoke-Expression: [Report-NetAdapter]  | param:  by [muki]
00:19:22 - [Info] - Invoke-Expression: [Report-NetAdapter]  | param:  by [muki]
00:19:53 - [Info] - Invoke-Expression: [Report-NetAdapter]  | param:  by [muki]
00:22:47 - [info] - init PwrShellOps Toolkit | by [Puki]
00:42:25 - [info] - init PwrShellOps Toolkit | by [Oz]
00:42:50 - [Info] - Invoke-Expression: [Win-NotificationMsg]  | param:  by [Oz]
00:45:35 - [Info] - Invoke-Expression: [Win-NotificationMsg]  | param:  by [Oz]
00:47:23 - [Info] - Invoke-Expression: [Win-NotificationMsg1]  | param: Title msg by [Oz]
00:47:59 - [Info] - Invoke-Expression: [Win-NotificationMsg1]  | param:  by [Oz]
00:48:21 - [Info] - Invoke-Expression: [Win-NotificationMsg1]  | param:  by [Oz]
00:48:43 - [Info] - Invoke-Expression: [Win-NotificationMsg1]  | param:  by [Oz]
00:51:46 - [Error] - Invoke-Expression  Win-NotificationMsg | param: 
00:52:31 - [Error] - Invoke-Expression  Win-NotificationMsg | param: 
00:54:07 - [Info] - Invoke-Expression: [Win-NotificationMsg]  | param:  by [Oz]
00:55:17 - [Info] - Invoke-Expression: [Win-NotificationMsg]  | param:  by [Oz]
00:55:51 - [Info] - Invoke-Expression: [Win-NotificationMsg]  | param:  by [Oz]
00:56:25 - [Info] - Invoke-Expression: [Win-NotificationMsg]  | param:  by [Oz]
00:57:13 - [Info] - Invoke-Expression: [Win-NotificationMsg]  | param:  by [Oz]
00:57:49 - [Info] - Invoke-Expression: [Win-NotificationMsg]  | param:  by [Oz]
00:58:04 - [Info] - Invoke-Expression: [Win-NotificationMsg1]  | param:  by [Oz]
01:00:21 - [Info] - Invoke-Expression: [Win-NotificationMsg]  | param:  by [Oz]
01:00:44 - [info] - init PwrShellOps Toolkit | by [Oz]
01:01:11 - [Info] - Invoke-Expression: [Win-PopUpMsg]  | param:  by [Oz]
01:03:14 - [info] - init PwrShellOps Toolkit | by [o]
01:07:44 - [info] - init PwrShellOps Toolkit | by [sad]
01:07:52 - [Info] - Invoke-Expression: [ENCODED]  | param:  by [sad]
01:08:28 - [Info] - Invoke-Expression: [ENCODED]  | param:  by [sad]
01:24:53 - [info] - init PwrShellOps Toolkit | by [ok]
01:38:04 - [info] - init PwrShellOps Toolkit | by [oz]
01:38:16 - [Info] - Invoke-Expression: [Get-SIDFromUser]  | param: ozzak by [oz]
01:40:49 - [info] - init PwrShellOps Toolkit | by [oz]
01:40:59 - [Info] - Invoke-Expression: [Table-NetRoute]  | param:  by [oz]
01:41:32 - [Info] - Invoke-Expression: [Info-Dns]  | param:  by [oz]
01:43:07 - [Info] - Invoke-Expression: [Info-Dns]  | param:  by [oz]
02:03:06 - [info] - init PwrShellOps Toolkit | by [nested]
02:03:42 - [info] - init PwrShellOps Toolkit | by [nested]
02:09:42 - [info] - init PwrShellOps Toolkit | by [Oz]
02:10:31 - [info] - init PwrShellOps Toolkit | by [oz]
02:10:58 - [Info] - Invoke-Expression: [Show-Networks]  | param:  by [oz]
02:20:13 - [info] - init PwrShellOps Toolkit | by [oz]
02:21:36 - [info] - init PwrShellOps Toolkit | by [oz]
02:21:58 - [Info] - Invoke-Expression: [Displays-DNS-information]  | param:  by [oz]
02:22:39 - [Info] - Invoke-Expression: [Displays-the-IP-configuration-of-all-network-adapters]  | param:  by [oz]
02:25:43 - [Info] - Invoke-Expression: [Displays-DNS-information]  | param:  by [oz]
02:25:53 - [Info] - Invoke-Expression: [Displays-network-configuration-information]  | param:  by [oz]
02:26:04 - [Info] - Invoke-Expression: [Displays-the-IP-configuration-of-all-network-adapters]  | param:  by [oz]
02:26:28 - [info] - init PwrShellOps Toolkit | by [oz]
02:26:37 - [Info] - Invoke-Expression: [Displays-the-IP-configuration-of-all-network-adapters]  | param:  by [oz]
02:26:41 - [Info] - Invoke-Expression: [Displays-DNS-information]  | param:  by [oz]
02:27:20 - [Info] - Invoke-Expression: [Displays-DNS-information]  | param:  by [oz]
02:27:29 - [Info] - Invoke-Expression: [Displays-network-configuration-information]  | param:  by [oz]
11:56:09 - [info] - init PwrShellOps Toolkit | by [oz]
11:56:23 - [info] - init PwrShellOps Toolkit | by [oz]
11:56:58 - [Info] - Invoke-Expression: [Displays-DNS-information]  | param:  by [oz]
11:57:04 - [Info] - Invoke-Expression: [Displays-network-configuration-information]  | param:  by [oz]
11:57:10 - [Info] - Invoke-Expression: [Displays-the-IP-configuration-of-all-network-adapters]  | param:  by [oz]
12:43:09 - [info] - init PwrShellOps Toolkit | by [oz]
12:43:38 - [Info] - Invoke-Expression: [Test-TCP-WS]  | param:  by [oz]
15:36:58 - [Info] - Invoke-Expression: [Displays-DNS-information]  | param:  by [oz]
15:48:13 - [info] - init PwrShellOps Toolkit | by [oz]
15:50:59 - [Info] - Invoke-Expression: [Displays-DNS-information]  | param:  by [oz]
15:51:47 - [Info] - Invoke-Expression: [Displays-DNS-information]  | param:  by [oz]
15:52:00 - [Info] - Invoke-Expression: [Displays-DNS-information]  | param:  by [oz]
16:24:47 - [info] - init PwrShellOps Toolkit | by [oz]
16:24:56 - [Info] - Invoke-Expression: [getmac]  | param:  by [oz]
16:25:45 - [Info] - Invoke-Expression: [getmac]  | param:  by [oz]
16:27:35 - [info] - init PwrShellOps Toolkit | by [oz]
16:27:57 - [Info] - Invoke-Expression: [getmac]  | param:  by [oz]
16:28:04 - [Info] - Invoke-Expression: [hostname]  | param:  by [oz]
16:28:14 - [Info] - Invoke-Expression: [systeminfo]  | param:  by [oz]
18:18:34 - [info] - init PwrShellOps Toolkit | by [oz]
18:35:24 - [info] - init PwrShellOps Toolkit | by [oz]
18:36:00 - [info] - init PwrShellOps Toolkit | by [oz]
18:45:45 - [Info] - Invoke-Expression: [Test-TCP-WS]  | param:  by [oz]
18:47:07 - [info] - init PwrShellOps Toolkit | by [oz]
19:12:01 - [Info] - Invoke-Expression: [Copy-Files]  | param:  by [oz]
19:30:35 - [info] - init PwrShellOps Toolkit | by [Tal]
19:30:54 - [Info] - Invoke-Expression: [Report-SystemProcess]  | param:  by [Tal]
20:09:32 - [info] - init PwrShellOps Toolkit | by [Oz]
20:32:40 - [info] - init by [Oz]
20:32:58 - [Error] - Invoke-Expression  Log-Change | param: 
20:33:28 - [Error] - Invoke-Expression  Log-Change | param: 
20:57:42 - [Error] - Invoke-Expression  Log-Change | param: 
20:58:10 - [info] - init by [oz]
21:00:03 - [Error] - Invoke-Expression  Get-EnvVars | param: 
21:00:40 - [Info] - Invoke-Expression: [Convert-SubnetToBinary]  | param:  by [oz]
23:03:47 - [info] - init POWERDESK by [oz]
23:04:02 - [Error] - Invoke-Expression  Log-Change | param: 
23:04:39 - [Error] - Invoke-Expression  Log-Change | param: -Msg "hello"
23:10:56 - [info] - init POWERDESK by [oz]
23:53:10 - [info] - init POWERDESK by [oz]
23:55:46 - [info] - init POWERDESK by [oz]
23:56:05 - [info] - init POWERDESK by [oz]
23:56:21 - [info] - init POWERDESK by [oz]
23:59:53 - [info] - init POWERDESK by [1x]
