19:24:41 - Error - init - by C:\dev\PowerDesk_PowerShell-Operations-Toolkit\logs\files\Set-EnvVar.log oz 
19:24:59 - Error - init - by guest 
19:26:13 - Error - init - by oz 
19:29:05 - Error - init - by oz 
19:32:43 - Error - init - by oz 
19:33:27 - Error - init - by oz 
19:34:33 - Error - init  - by oz 
19:34:50 - Error - init  - by oz 
19:36:28 - Info - init - by oz 
19:36:56 - Info - init - by guest 
19:37:02 - Info - init - by guest 
19:38:08 - Info - init - by oz 
19:43:29 - Info - init - by oz 
19:45:08 - Info - init - by oz 
19:52:30 - Info - init - by oz 
19:55:29 - Info - init - by oz 
19:58:19 - Info - init - by oz 
19:59:11 - Info - init - by oz 
20:04:43 - Info - init - by oz 
20:13:25 - Info - init - by oz 
20:14:23 - Info - init - by oz 
20:15:24 - Info - init - by oz 
20:35:46 - Info - init - by oz 
20:38:00 - Info - init - by oz 
20:58:27 - Info - init - by oz 
21:00:59 - Info - init - by oz 
21:01:15 - Info - init - by oz 
21:30:33 - Info - init - by oz 
21:35:11 - Info - init - by oz 
21:39:58 - Info - init - by guest 
21:40:46 - Info - init - by guest 
22:16:24 - Info - init - by oz 
22:26:07 - Info - init - by oz 
02:33:01 - Info - init - by oz 
02:46:46 - Info - init - by oz 
05:39:13 - Info - init - by oz 
05:39:57 - Info - init - by oz 
05:41:36 - Info - init - by oz 
00:59:04 - Info - init - by oz 
01:01:05 - Info - init - by oz 
11:45:46 - Info - init - by oz 
