19:24:41 - Debug - SetEnvironmentVariable [Process-level] name: [isContributor] value: [True] - by oz 
19:24:41 - Debug - SetEnvironmentVariable [Process-level] name: [PowerDesk_CURRENT_USER] value: [C:\dev\PowerDesk_PowerShell-Operations-Toolkit\logs\files\Set-EnvVar.log oz] - by C:\dev\PowerDesk_PowerShell-Operations-Toolkit\logs\files\Set-EnvVar.log oz 
19:24:59 - Debug - SetEnvironmentVariable [Process-level] name: [isContributor] value: [False] - by C:\dev\PowerDesk_PowerShell-Operations-Toolkit\logs\files\Set-EnvVar.log oz 
19:24:59 - Debug - SetEnvironmentVariable [Process-level] name: [PowerDesk_CURRENT_USER] value: [guest] - by guest 
19:26:13 - Debug - SetEnvironmentVariable [Process-level] name: [isContributor] value: [True] - by guest 
19:26:13 - Debug - SetEnvironmentVariable [Process-level] name: [PowerDesk_CURRENT_USER] value: [oz] - by oz 
19:29:05 - Debug - SetEnvironmentVariable [Process-level] name: [isContributor] value: [True] - by oz 
19:29:05 - Debug - SetEnvironmentVariable [Process-level] name: [PowerDesk_CURRENT_USER] value: [oz] - by oz 
19:32:42 - Debug - SetEnvironmentVariable [Process-level] name: [isContributor] value: [True] - by oz 
19:32:43 - Debug - SetEnvironmentVariable [Process-level] name: [PowerDesk_CURRENT_USER] value: [oz] - by oz 
19:33:27 - Debug - SetEnvironmentVariable [Process-level] name: [isContributor] value: [True] - by oz 
19:33:27 - Debug - SetEnvironmentVariable [Process-level] name: [PowerDesk_CURRENT_USER] value: [oz] - by oz 
19:34:33 - Debug - SetEnvironmentVariable [Process-level] name: [isContributor] value: [True] - by oz 
19:34:33 - Debug - SetEnvironmentVariable [Process-level] name: [PowerDesk_CURRENT_USER] value: [oz] - by oz 
19:34:50 - Debug - SetEnvironmentVariable [Process-level] name: [isContributor] value: [True] - by oz 
19:34:50 - Debug - SetEnvironmentVariable [Process-level] name: [PowerDesk_CURRENT_USER] value: [oz] - by oz 
19:35:34 - Debug - SetEnvironmentVariable [Process-level] name: [isContributor] value: [False] - by oz 
19:35:34 - Debug - SetEnvironmentVariable [Process-level] name: [PowerDesk_CURRENT_USER] value: [guest] - by guest 
19:35:38 - Debug - SetEnvironmentVariable [Process-level] name: [isContributor] value: [False] - by guest 
19:35:38 - Debug - SetEnvironmentVariable [Process-level] name: [PowerDesk_CURRENT_USER] value: [guest] - by guest 
19:36:28 - Debug - SetEnvironmentVariable [Process-level] name: [isContributor] value: [True] - by guest 
19:36:28 - Debug - SetEnvironmentVariable [Process-level] name: [PowerDesk_CURRENT_USER] value: [oz] - by oz 
19:36:56 - Debug - SetEnvironmentVariable [Process-level] name: [isContributor] value: [False] - by oz 
19:36:56 - Debug - SetEnvironmentVariable [Process-level] name: [PowerDesk_CURRENT_USER] value: [guest] - by guest 
19:37:02 - Debug - SetEnvironmentVariable [Process-level] name: [isContributor] value: [False] - by guest 
19:37:02 - Debug - SetEnvironmentVariable [Process-level] name: [PowerDesk_CURRENT_USER] value: [guest] - by guest 
19:38:08 - Debug - SetEnvironmentVariable [Process-level] name: [isContributor] value: [True] - by guest 
19:38:08 - Debug - SetEnvironmentVariable [Process-level] name: [PowerDesk_CURRENT_USER] value: [oz] - by oz 
19:43:28 - Debug - SetEnvironmentVariable [Process-level] name: [isContributor] value: [True] - by oz 
19:43:29 - Debug - SetEnvironmentVariable [Process-level] name: [PowerDesk_CURRENT_USER] value: [oz] - by oz 
19:45:08 - Debug - SetEnvironmentVariable [Process-level] name: [isContributor] value: [True] - by oz 
19:45:08 - Debug - SetEnvironmentVariable [Process-level] name: [PowerDesk_CURRENT_USER] value: [oz] - by oz 
19:52:30 - Debug - SetEnvironmentVariable [Process-level] name: [isContributor] value: [True] - by oz 
19:52:30 - Debug - SetEnvironmentVariable [Process-level] name: [PowerDesk_CURRENT_USER] value: [oz] - by oz 
19:55:29 - Debug - SetEnvironmentVariable [Process-level] name: [isContributor] value: [True] - by oz 
19:55:29 - Debug - SetEnvironmentVariable [Process-level] name: [PowerDesk_CURRENT_USER] value: [oz] - by oz 
19:58:19 - Debug - SetEnvironmentVariable [Process-level] name: [isContributor] value: [True] - by oz 
19:58:19 - Debug - SetEnvironmentVariable [Process-level] name: [PowerDesk_CURRENT_USER] value: [oz] - by oz 
19:59:11 - Debug - SetEnvironmentVariable [Process-level] name: [isContributor] value: [True] - by oz 
19:59:11 - Debug - SetEnvironmentVariable [Process-level] name: [PowerDesk_CURRENT_USER] value: [oz] - by oz 
20:04:43 - Debug - SetEnvironmentVariable [Process-level] name: [isContributor] value: [True] - by oz 
20:04:43 - Debug - SetEnvironmentVariable [Process-level] name: [PowerDesk_CURRENT_USER] value: [oz] - by oz 
20:13:24 - Debug - SetEnvironmentVariable [Process-level] name: [isContributor] value: [True] - by oz 
20:13:24 - Debug - SetEnvironmentVariable [Process-level] name: [PowerDesk_CURRENT_USER] value: [oz] - by oz 
20:14:23 - Debug - SetEnvironmentVariable [Process-level] name: [isContributor] value: [True] - by oz 
20:14:23 - Debug - SetEnvironmentVariable [Process-level] name: [PowerDesk_CURRENT_USER] value: [oz] - by oz 
20:15:24 - Debug - SetEnvironmentVariable [Process-level] name: [isContributor] value: [True] - by oz 
20:15:24 - Debug - SetEnvironmentVariable [Process-level] name: [PowerDesk_CURRENT_USER] value: [oz] - by oz 
20:35:46 - Debug - SetEnvironmentVariable [Process-level] name: [isContributor] value: [True] - by guest 
20:35:46 - Debug - SetEnvironmentVariable [Process-level] name: [PowerDesk_CURRENT_USER] value: [oz] - by oz 
20:38:00 - Debug - SetEnvironmentVariable [Process-level] name: [isContributor] value: [True] - by guest 
20:38:00 - Debug - SetEnvironmentVariable [Process-level] name: [PowerDesk_CURRENT_USER] value: [oz] - by oz 
20:58:27 - Debug - SetEnvironmentVariable [Process-level] name: [isContributor] value: [True] - by guest 
20:58:27 - Debug - SetEnvironmentVariable [Process-level] name: [PowerDesk_CURRENT_USER] value: [oz] - by oz 
21:00:59 - Debug - SetEnvironmentVariable [Process-level] name: [isContributor] value: [True] - by oz 
21:00:59 - Debug - SetEnvironmentVariable [Process-level] name: [PowerDesk_CURRENT_USER] value: [oz] - by oz 
21:01:14 - Debug - SetEnvironmentVariable [Process-level] name: [isContributor] value: [True] - by oz 
21:01:15 - Debug - SetEnvironmentVariable [Process-level] name: [PowerDesk_CURRENT_USER] value: [oz] - by oz 
